<?xml version="1.0" encoding="UTF-8" ?>
<testsuite tests="13" failures="0" name="Com.Symbiote.SymbioteProject.SymbioteRunnerTest" time="0.61" errors="0" skipped="12">
  <properties>
[...]
</properties>
  <testcase classname="Scenario: To Send the contact form" name="Given I am on Zoo site page" time="0.046">
    <skipped/>
  </testcase>
  <testcase classname="Scenario: To Send the contact form" name="When I click on &quot;Contact&quot; link" time="0.046">
    <skipped/>
  </testcase>
  <testcase classname="Scenario: To Send the contact form" name="And I enter &quot;Name testnew&quot; into the name text box" time="0.047">
    <skipped/>
  </testcase>
  <testcase classname="Scenario: To Send the contact form" name="And I select Information radio button" time="0.047">
    <skipped/>
  </testcase>
  <testcase classname="Scenario: To Send the contact form" name="And I select Zoo Volunteer check box" time="0.047">
    <skipped/>
  </testcase>
  <testcase classname="Scenario: To Send the contact form" name="And I select Email Newsletter check box" time="0.047">
    <skipped/>
  </testcase>
  <testcase classname="Scenario: To Send the contact form" name="And I enter &quot;Address test12&quot; into the address text box" time="0.047">
    <skipped/>
  </testcase>
  <testcase classname="Scenario: To Send the contact form" name="And I enter &quot;Postcode test12&quot; into the postcode text box" time="0.047">
    <skipped/>
  </testcase>
  <testcase classname="Scenario: To Send the contact form" name="And I enter &quot;Email test12&quot; into the email text box" time="0.047">
    <skipped/>
  </testcase>
  <testcase classname="Scenario: To Send the contact form" name="And I click on Send button" time="0.047">
    <skipped/>
  </testcase>
  <testcase classname="Scenario: To Send the contact form" name="Then I am on the confirmation page" time="0.047">
    <skipped/>
  </testcase>
  <testcase classname="Scenario: To Send the contact form" name="Scenario: To Send the contact form" time="0.047">
    <skipped/>
  </testcase>
  <testcase classname="Scenario: To Send the contact form" name="Scenario: To Send the contact form" time="0.048"/>
</testsuite>